<?xml version="1.0" encoding="UTF-8"?>
<!-- Generated by org.testng.reporters.JUnitReportReporter -->
<testsuite hostname="gambhirshah-VirtualBox" failures="0" tests="1" name="com.qa.tests.LoginTest" time="0.110" errors="0" timestamp="15 Nov 2018 11:50:51 GMT" skipped="0">
  <testcase classname="com.qa.tests.LoginTest" name="test" time="0.110"/>
</testsuite> <!-- com.qa.tests.LoginTest -->
